2024-08-11 16:02:56 INFO log.py:21: Yasb
2024-08-11 16:02:56 DEBUG proactor_events.py:634: Using proactor: _IocpProactor
2024-08-11 16:02:57 DEBUG win32.py:58: Looking up time zone info from registry
2024-08-11 16:02:59 INFO weather.py:156: Fetched new weather data at 2024-08-11 16:02:59.449891
2024-08-11 16:03:00 DEBUG __init__.py:143: CoInitializeEx(None, 2)
2024-08-11 16:03:02 INFO weather.py:156: Fetched new weather data at 2024-08-11 16:03:02.023459
2024-08-11 16:03:02 INFO bar_manager.py:74: Starting KomorebiEventListener...
2024-08-11 16:03:02 INFO bar_manager.py:74: Starting SystemEventListener...
2024-08-11 16:03:02 INFO event_listener.py:52: Created named pipe yasb-219badf0-57b8-11ef-b2ac-00155d82ce00
2024-08-11 16:03:02 INFO event_listener.py:106: Waiting for Komorebi to subscribe to named pipe yasb-219badf0-57b8-11ef-b2ac-00155d82ce00
2024-08-11 16:03:02 INFO watcher.py:39: Created file watcher for path C:\Users\beboy\.config\yasb
2024-08-11 16:03:02 DEBUG _windows.py:213: Starting (proactor: <_IocpProactor overlapped#=0 result#=0>)...
2024-08-11 16:03:02 DEBUG _windows.py:192: Thread started
2024-08-11 16:03:02 INFO event_listener.py:118: Komorebi connected to named pipe: yasb-219badf0-57b8-11ef-b2ac-00155d82ce00
2024-08-11 16:04:00 ERROR wallpapers.py:127: Error changing wallpaper: [WinError 3] The system cannot find the path specified: 'C:\\Users\\xxx\\Images'
2024-08-11 16:04:00 ERROR wallpapers.py:127: Error changing wallpaper: [WinError 3] The system cannot find the path specified: 'C:\\Users\\xxx\\Images'
2024-08-11 16:04:01 ERROR wallpapers.py:127: Error changing wallpaper: [WinError 3] The system cannot find the path specified: 'C:\\Users\\xxx\\Images'
2024-08-11 16:04:01 ERROR wallpapers.py:127: Error changing wallpaper: [WinError 3] The system cannot find the path specified: 'C:\\Users\\xxx\\Images'
2024-08-11 16:04:01 ERROR wallpapers.py:127: Error changing wallpaper: [WinError 3] The system cannot find the path specified: 'C:\\Users\\xxx\\Images'
2024-08-11 16:07:37 ERROR wallpapers.py:127: Error changing wallpaper: [WinError 3] The system cannot find the path specified: 'C:\\Users\\xxx\\Images'
2024-08-11 16:07:44 INFO tray.py:147: Reloading Application...
2024-08-11 16:07:45 INFO log.py:21: Yasb
2024-08-11 16:09:02 INFO log.py:21: Yasb
2024-08-11 16:09:03 DEBUG proactor_events.py:634: Using proactor: _IocpProactor
2024-08-11 16:09:03 DEBUG win32.py:58: Looking up time zone info from registry
2024-08-11 16:09:03 INFO weather.py:156: Fetched new weather data at 2024-08-11 16:09:03.857194
2024-08-11 16:09:04 DEBUG __init__.py:143: CoInitializeEx(None, 2)
2024-08-11 16:09:05 INFO weather.py:156: Fetched new weather data at 2024-08-11 16:09:05.244578
2024-08-11 16:09:05 INFO bar_manager.py:74: Starting SystemEventListener...
2024-08-11 16:09:05 INFO bar_manager.py:74: Starting KomorebiEventListener...
2024-08-11 16:09:05 INFO event_listener.py:52: Created named pipe yasb-fa1ae7f5-57b8-11ef-80ce-00155d82ce00
2024-08-11 16:09:05 INFO event_listener.py:106: Waiting for Komorebi to subscribe to named pipe yasb-fa1ae7f5-57b8-11ef-80ce-00155d82ce00
2024-08-11 16:09:05 INFO watcher.py:39: Created file watcher for path C:\Users\beboy\.config\yasb
2024-08-11 16:09:05 DEBUG _windows.py:213: Starting (proactor: <_IocpProactor overlapped#=0 result#=0>)...
2024-08-11 16:09:05 DEBUG _windows.py:192: Thread started
2024-08-11 16:09:05 INFO event_listener.py:118: Komorebi connected to named pipe: yasb-fa1ae7f5-57b8-11ef-80ce-00155d82ce00
2024-08-11 16:16:19 INFO tray.py:147: Reloading Application...
2024-08-11 16:16:20 INFO log.py:21: Yasb
2024-08-11 16:16:20 DEBUG proactor_events.py:634: Using proactor: _IocpProactor
2024-08-11 16:16:20 DEBUG win32.py:58: Looking up time zone info from registry
2024-08-11 16:16:21 INFO github.py:292: Check for GitHub notifications at 2024-08-11 16:16:21.615676
2024-08-11 16:16:21 INFO weather.py:156: Fetched new weather data at 2024-08-11 16:16:21.628727
2024-08-11 16:16:21 DEBUG __init__.py:143: CoInitializeEx(None, 2)
2024-08-11 16:16:22 INFO github.py:292: Check for GitHub notifications at 2024-08-11 16:16:22.959480
2024-08-11 16:16:22 INFO weather.py:156: Fetched new weather data at 2024-08-11 16:16:22.965479
2024-08-11 16:16:23 INFO bar_manager.py:74: Starting KomorebiEventListener...
2024-08-11 16:16:23 INFO bar_manager.py:74: Starting SystemEventListener...
2024-08-11 16:16:23 ERROR github.py:341: HTTP Error occurred: 401 - {"message":"Bad credentials","documentation_url":"https://docs.github.com/rest","status":"401"}
2024-08-11 16:16:23 INFO event_listener.py:52: Created named pipe yasb-fefe8b94-57b9-11ef-b937-00155d82ce00
2024-08-11 16:16:23 INFO event_listener.py:106: Waiting for Komorebi to subscribe to named pipe yasb-fefe8b94-57b9-11ef-b937-00155d82ce00
2024-08-11 16:16:23 INFO watcher.py:39: Created file watcher for path C:\Users\beboy\.config\yasb
2024-08-11 16:16:23 DEBUG _windows.py:213: Starting (proactor: <_IocpProactor overlapped#=0 result#=0>)...
2024-08-11 16:16:23 DEBUG _windows.py:192: Thread started
2024-08-11 16:16:23 INFO event_listener.py:118: Komorebi connected to named pipe: yasb-fefe8b94-57b9-11ef-b937-00155d82ce00
2024-08-11 16:16:24 ERROR github.py:341: HTTP Error occurred: 401 - {"message":"Bad credentials","documentation_url":"https://docs.github.com/rest","status":"401"}
2024-08-11 16:19:57 INFO tray.py:147: Reloading Application...
2024-08-11 16:19:57 INFO log.py:21: Yasb
2024-08-11 16:19:58 DEBUG proactor_events.py:634: Using proactor: _IocpProactor
2024-08-11 16:19:58 DEBUG win32.py:58: Looking up time zone info from registry
2024-08-11 16:19:58 INFO github.py:292: Check for GitHub notifications at 2024-08-11 16:19:58.733348
2024-08-11 16:19:58 INFO weather.py:156: Fetched new weather data at 2024-08-11 16:19:58.748666
2024-08-11 16:19:59 DEBUG __init__.py:143: CoInitializeEx(None, 2)
2024-08-11 16:20:00 ERROR github.py:341: HTTP Error occurred: 401 - {"message":"Bad credentials","documentation_url":"https://docs.github.com/rest","status":"401"}
2024-08-11 16:20:01 INFO github.py:292: Check for GitHub notifications at 2024-08-11 16:20:01.027566
2024-08-11 16:20:01 INFO weather.py:156: Fetched new weather data at 2024-08-11 16:20:01.031575
2024-08-11 16:20:01 INFO bar_manager.py:74: Starting KomorebiEventListener...
2024-08-11 16:20:01 INFO bar_manager.py:74: Starting SystemEventListener...
2024-08-11 16:20:01 INFO event_listener.py:52: Created named pipe yasb-80f8be6f-57ba-11ef-b44a-00155d82ce00
2024-08-11 16:20:01 INFO event_listener.py:106: Waiting for Komorebi to subscribe to named pipe yasb-80f8be6f-57ba-11ef-b44a-00155d82ce00
2024-08-11 16:20:01 INFO watcher.py:39: Created file watcher for path C:\Users\beboy\.config\yasb
2024-08-11 16:20:01 DEBUG _windows.py:213: Starting (proactor: <_IocpProactor overlapped#=0 result#=0>)...
2024-08-11 16:20:01 DEBUG _windows.py:192: Thread started
2024-08-11 16:20:01 INFO event_listener.py:118: Komorebi connected to named pipe: yasb-80f8be6f-57ba-11ef-b44a-00155d82ce00
2024-08-11 16:20:02 ERROR github.py:341: HTTP Error occurred: 401 - {"message":"Bad credentials","documentation_url":"https://docs.github.com/rest","status":"401"}
2024-08-11 16:24:58 INFO github.py:292: Check for GitHub notifications at 2024-08-11 16:24:58.722172
2024-08-11 16:24:59 ERROR github.py:341: HTTP Error occurred: 401 - {"message":"Bad credentials","documentation_url":"https://docs.github.com/rest","status":"401"}
2024-08-11 16:25:01 INFO github.py:292: Check for GitHub notifications at 2024-08-11 16:25:01.036348
2024-08-11 16:25:02 ERROR github.py:341: HTTP Error occurred: 401 - {"message":"Bad credentials","documentation_url":"https://docs.github.com/rest","status":"401"}
2024-08-11 16:25:49 INFO tray.py:147: Reloading Application...
2024-08-11 16:25:50 INFO log.py:21: Yasb
2024-08-11 16:25:50 DEBUG proactor_events.py:634: Using proactor: _IocpProactor
2024-08-11 16:25:50 DEBUG win32.py:58: Looking up time zone info from registry
2024-08-11 16:25:50 INFO github.py:292: Check for GitHub notifications at 2024-08-11 16:25:50.879345
2024-08-11 16:25:50 INFO weather.py:156: Fetched new weather data at 2024-08-11 16:25:50.897093
2024-08-11 16:25:51 DEBUG __init__.py:143: CoInitializeEx(None, 2)
2024-08-11 16:25:52 INFO github.py:292: Check for GitHub notifications at 2024-08-11 16:25:52.177483
2024-08-11 16:25:52 INFO weather.py:156: Fetched new weather data at 2024-08-11 16:25:52.181482
2024-08-11 16:25:52 INFO bar_manager.py:74: Starting KomorebiEventListener...
2024-08-11 16:25:52 INFO bar_manager.py:74: Starting SystemEventListener...
2024-08-11 16:25:52 INFO event_listener.py:52: Created named pipe yasb-5246bc16-57bb-11ef-a9bc-00155d82ce00
2024-08-11 16:25:52 INFO event_listener.py:106: Waiting for Komorebi to subscribe to named pipe yasb-5246bc16-57bb-11ef-a9bc-00155d82ce00
2024-08-11 16:25:52 INFO watcher.py:39: Created file watcher for path C:\Users\beboy\.config\yasb
2024-08-11 16:25:52 DEBUG _windows.py:213: Starting (proactor: <_IocpProactor overlapped#=0 result#=0>)...
2024-08-11 16:25:52 DEBUG _windows.py:192: Thread started
2024-08-11 16:25:52 INFO event_listener.py:118: Komorebi connected to named pipe: yasb-5246bc16-57bb-11ef-a9bc-00155d82ce00
2024-08-11 16:30:50 INFO github.py:292: Check for GitHub notifications at 2024-08-11 16:30:50.887728
2024-08-11 16:30:52 INFO github.py:292: Check for GitHub notifications at 2024-08-11 16:30:52.207561
2024-08-11 16:31:04 INFO tray.py:147: Reloading Application...
2024-08-11 16:31:05 INFO log.py:21: Yasb
2024-08-11 16:31:05 DEBUG proactor_events.py:634: Using proactor: _IocpProactor
2024-08-11 16:31:05 DEBUG win32.py:58: Looking up time zone info from registry
2024-08-11 16:31:05 INFO weather.py:156: Fetched new weather data at 2024-08-11 16:31:05.993882
2024-08-11 16:31:06 DEBUG __init__.py:143: CoInitializeEx(None, 2)
2024-08-11 16:31:06 INFO github.py:292: Check for GitHub notifications at 2024-08-11 16:31:06.422036
2024-08-11 16:31:07 INFO weather.py:156: Fetched new weather data at 2024-08-11 16:31:07.448267
2024-08-11 16:31:07 INFO github.py:292: Check for GitHub notifications at 2024-08-11 16:31:07.465244
2024-08-11 16:31:07 INFO bar_manager.py:74: Starting SystemEventListener...
2024-08-11 16:31:07 INFO bar_manager.py:74: Starting KomorebiEventListener...
2024-08-11 16:31:07 INFO event_listener.py:52: Created named pipe yasb-0e30d298-57bc-11ef-a150-00155d82ce00
2024-08-11 16:31:07 INFO event_listener.py:106: Waiting for Komorebi to subscribe to named pipe yasb-0e30d298-57bc-11ef-a150-00155d82ce00
2024-08-11 16:31:07 INFO watcher.py:39: Created file watcher for path C:\Users\beboy\.config\yasb
2024-08-11 16:31:07 DEBUG _windows.py:213: Starting (proactor: <_IocpProactor overlapped#=0 result#=0>)...
2024-08-11 16:31:07 DEBUG _windows.py:192: Thread started
2024-08-11 16:31:07 INFO event_listener.py:118: Komorebi connected to named pipe: yasb-0e30d298-57bc-11ef-a150-00155d82ce00
2024-08-11 16:36:06 INFO github.py:292: Check for GitHub notifications at 2024-08-11 16:36:06.423099
2024-08-11 16:36:07 INFO github.py:292: Check for GitHub notifications at 2024-08-11 16:36:07.496004
2024-08-11 16:37:11 INFO tray.py:147: Reloading Application...
2024-08-11 16:37:12 INFO log.py:21: Yasb
2024-08-11 16:37:12 DEBUG proactor_events.py:634: Using proactor: _IocpProactor
2024-08-11 16:37:12 DEBUG win32.py:58: Looking up time zone info from registry
2024-08-11 16:37:12 INFO weather.py:156: Fetched new weather data at 2024-08-11 16:37:12.875944
2024-08-11 16:37:13 INFO github.py:292: Check for GitHub notifications at 2024-08-11 16:37:13.424493
2024-08-11 16:37:13 DEBUG __init__.py:143: CoInitializeEx(None, 2)
2024-08-11 16:37:15 INFO weather.py:156: Fetched new weather data at 2024-08-11 16:37:15.344661
2024-08-11 16:37:15 INFO github.py:292: Check for GitHub notifications at 2024-08-11 16:37:15.357689
2024-08-11 16:37:15 INFO bar_manager.py:74: Starting KomorebiEventListener...
2024-08-11 16:37:15 INFO bar_manager.py:74: Starting SystemEventListener...
2024-08-11 16:37:15 INFO event_listener.py:52: Created named pipe yasb-e97a4541-57bc-11ef-a97e-00155d82ce00
2024-08-11 16:37:15 INFO event_listener.py:106: Waiting for Komorebi to subscribe to named pipe yasb-e97a4541-57bc-11ef-a97e-00155d82ce00
2024-08-11 16:37:15 INFO watcher.py:39: Created file watcher for path C:\Users\beboy\.config\yasb
2024-08-11 16:37:15 DEBUG _windows.py:213: Starting (proactor: <_IocpProactor overlapped#=0 result#=0>)...
2024-08-11 16:37:15 DEBUG _windows.py:192: Thread started
2024-08-11 16:37:15 INFO event_listener.py:118: Komorebi connected to named pipe: yasb-e97a4541-57bc-11ef-a97e-00155d82ce00
2024-08-11 16:42:13 INFO github.py:292: Check for GitHub notifications at 2024-08-11 16:42:13.431601
2024-08-11 16:42:15 INFO github.py:292: Check for GitHub notifications at 2024-08-11 16:42:15.358562
2024-08-11 16:43:08 INFO tray.py:147: Reloading Application...
2024-08-11 16:43:08 INFO log.py:21: Yasb
2024-08-11 16:43:08 DEBUG proactor_events.py:634: Using proactor: _IocpProactor
2024-08-11 16:43:09 DEBUG win32.py:58: Looking up time zone info from registry
2024-08-11 16:43:09 INFO weather.py:156: Fetched new weather data at 2024-08-11 16:43:09.461914
2024-08-11 16:43:09 INFO github.py:292: Check for GitHub notifications at 2024-08-11 16:43:09.856694
2024-08-11 16:43:09 DEBUG __init__.py:143: CoInitializeEx(None, 2)
2024-08-11 16:43:10 INFO weather.py:156: Fetched new weather data at 2024-08-11 16:43:10.927738
2024-08-11 16:43:10 INFO github.py:292: Check for GitHub notifications at 2024-08-11 16:43:10.943764
2024-08-11 16:43:11 INFO bar_manager.py:74: Starting KomorebiEventListener...
2024-08-11 16:43:11 INFO bar_manager.py:74: Starting SystemEventListener...
2024-08-11 16:43:11 INFO event_listener.py:52: Created named pipe yasb-bd6d6d1b-57bd-11ef-aaa1-00155d82ce00
2024-08-11 16:43:11 INFO event_listener.py:106: Waiting for Komorebi to subscribe to named pipe yasb-bd6d6d1b-57bd-11ef-aaa1-00155d82ce00
2024-08-11 16:43:11 INFO watcher.py:39: Created file watcher for path C:\Users\beboy\.config\yasb
2024-08-11 16:43:11 DEBUG _windows.py:213: Starting (proactor: <_IocpProactor overlapped#=0 result#=0>)...
2024-08-11 16:43:11 DEBUG _windows.py:192: Thread started
2024-08-11 16:43:11 INFO event_listener.py:118: Komorebi connected to named pipe: yasb-bd6d6d1b-57bd-11ef-aaa1-00155d82ce00
2024-08-11 16:43:47 INFO tray.py:147: Reloading Application...
2024-08-11 16:43:47 INFO log.py:21: Yasb
2024-08-11 16:43:47 DEBUG proactor_events.py:634: Using proactor: _IocpProactor
2024-08-11 16:43:47 DEBUG win32.py:58: Looking up time zone info from registry
2024-08-11 16:43:48 INFO weather.py:156: Fetched new weather data at 2024-08-11 16:43:48.298294
2024-08-11 16:43:48 INFO github.py:292: Check for GitHub notifications at 2024-08-11 16:43:48.660843
2024-08-11 16:43:48 DEBUG __init__.py:143: CoInitializeEx(None, 2)
2024-08-11 16:43:49 INFO weather.py:156: Fetched new weather data at 2024-08-11 16:43:49.900693
2024-08-11 16:43:49 INFO github.py:292: Check for GitHub notifications at 2024-08-11 16:43:49.920762
2024-08-11 16:43:50 INFO bar_manager.py:74: Starting KomorebiEventListener...
2024-08-11 16:43:50 INFO bar_manager.py:74: Starting SystemEventListener...
2024-08-11 16:43:50 INFO event_listener.py:52: Created named pipe yasb-d4aa6f5c-57bd-11ef-b1fd-00155d82ce00
2024-08-11 16:43:50 INFO event_listener.py:106: Waiting for Komorebi to subscribe to named pipe yasb-d4aa6f5c-57bd-11ef-b1fd-00155d82ce00
2024-08-11 16:43:50 INFO watcher.py:39: Created file watcher for path C:\Users\beboy\.config\yasb
2024-08-11 16:43:50 DEBUG _windows.py:213: Starting (proactor: <_IocpProactor overlapped#=0 result#=0>)...
2024-08-11 16:43:50 DEBUG _windows.py:192: Thread started
2024-08-11 16:43:50 INFO event_listener.py:118: Komorebi connected to named pipe: yasb-d4aa6f5c-57bd-11ef-b1fd-00155d82ce00
2024-08-11 16:44:08 INFO tray.py:147: Reloading Application...
2024-08-11 16:44:08 INFO log.py:21: Yasb
2024-08-11 16:44:09 DEBUG proactor_events.py:634: Using proactor: _IocpProactor
2024-08-11 16:44:09 DEBUG win32.py:58: Looking up time zone info from registry
2024-08-11 16:44:09 INFO weather.py:156: Fetched new weather data at 2024-08-11 16:44:09.550685
2024-08-11 16:44:09 INFO github.py:292: Check for GitHub notifications at 2024-08-11 16:44:09.920763
2024-08-11 16:44:09 DEBUG __init__.py:143: CoInitializeEx(None, 2)
2024-08-11 16:44:11 INFO weather.py:156: Fetched new weather data at 2024-08-11 16:44:11.022600
2024-08-11 16:44:11 INFO github.py:292: Check for GitHub notifications at 2024-08-11 16:44:11.037074
2024-08-11 16:44:11 INFO bar_manager.py:74: Starting KomorebiEventListener...
2024-08-11 16:44:11 INFO bar_manager.py:74: Starting SystemEventListener...
2024-08-11 16:44:11 INFO event_listener.py:52: Created named pipe yasb-e13ebf0f-57bd-11ef-b825-00155d82ce00
2024-08-11 16:44:11 INFO event_listener.py:106: Waiting for Komorebi to subscribe to named pipe yasb-e13ebf0f-57bd-11ef-b825-00155d82ce00
2024-08-11 16:44:11 INFO watcher.py:39: Created file watcher for path C:\Users\beboy\.config\yasb
2024-08-11 16:44:11 DEBUG _windows.py:213: Starting (proactor: <_IocpProactor overlapped#=0 result#=0>)...
2024-08-11 16:44:11 DEBUG _windows.py:192: Thread started
2024-08-11 16:44:11 INFO event_listener.py:118: Komorebi connected to named pipe: yasb-e13ebf0f-57bd-11ef-b825-00155d82ce00
2024-08-11 16:44:36 INFO tray.py:147: Reloading Application...
2024-08-11 16:44:36 INFO log.py:21: Yasb
2024-08-11 16:44:36 DEBUG proactor_events.py:634: Using proactor: _IocpProactor
2024-08-11 16:44:36 DEBUG win32.py:58: Looking up time zone info from registry
2024-08-11 16:44:37 INFO weather.py:156: Fetched new weather data at 2024-08-11 16:44:37.303332
2024-08-11 16:44:37 INFO github.py:292: Check for GitHub notifications at 2024-08-11 16:44:37.676624
2024-08-11 16:44:37 DEBUG __init__.py:143: CoInitializeEx(None, 2)
2024-08-11 16:44:38 INFO weather.py:156: Fetched new weather data at 2024-08-11 16:44:38.751075
2024-08-11 16:44:38 INFO github.py:292: Check for GitHub notifications at 2024-08-11 16:44:38.765129
2024-08-11 16:44:38 INFO bar_manager.py:74: Starting SystemEventListener...
2024-08-11 16:44:38 INFO bar_manager.py:74: Starting KomorebiEventListener...
2024-08-11 16:44:38 INFO event_listener.py:52: Created named pipe yasb-f1c51064-57bd-11ef-a157-00155d82ce00
2024-08-11 16:44:38 INFO event_listener.py:106: Waiting for Komorebi to subscribe to named pipe yasb-f1c51064-57bd-11ef-a157-00155d82ce00
2024-08-11 16:44:39 INFO watcher.py:39: Created file watcher for path C:\Users\beboy\.config\yasb
2024-08-11 16:44:39 DEBUG _windows.py:213: Starting (proactor: <_IocpProactor overlapped#=0 result#=0>)...
2024-08-11 16:44:39 DEBUG _windows.py:192: Thread started
2024-08-11 16:44:39 INFO event_listener.py:118: Komorebi connected to named pipe: yasb-f1c51064-57bd-11ef-a157-00155d82ce00
2024-08-11 16:44:59 INFO tray.py:147: Reloading Application...
2024-08-11 16:45:00 INFO log.py:21: Yasb
2024-08-11 16:45:00 DEBUG proactor_events.py:634: Using proactor: _IocpProactor
2024-08-11 16:45:00 DEBUG win32.py:58: Looking up time zone info from registry
2024-08-11 16:45:01 INFO weather.py:156: Fetched new weather data at 2024-08-11 16:45:01.268950
2024-08-11 16:45:01 INFO github.py:292: Check for GitHub notifications at 2024-08-11 16:45:01.648139
2024-08-11 16:45:01 DEBUG __init__.py:143: CoInitializeEx(None, 2)
2024-08-11 16:45:02 INFO weather.py:156: Fetched new weather data at 2024-08-11 16:45:02.809177
2024-08-11 16:45:02 INFO github.py:292: Check for GitHub notifications at 2024-08-11 16:45:02.823331
2024-08-11 16:45:02 INFO bar_manager.py:74: Starting SystemEventListener...
2024-08-11 16:45:02 INFO bar_manager.py:74: Starting KomorebiEventListener...
2024-08-11 16:45:02 INFO event_listener.py:52: Created named pipe yasb-001df1ef-57be-11ef-91cb-00155d82ce00
2024-08-11 16:45:03 INFO event_listener.py:106: Waiting for Komorebi to subscribe to named pipe yasb-001df1ef-57be-11ef-91cb-00155d82ce00
2024-08-11 16:45:03 INFO watcher.py:39: Created file watcher for path C:\Users\beboy\.config\yasb
2024-08-11 16:45:03 DEBUG _windows.py:213: Starting (proactor: <_IocpProactor overlapped#=0 result#=0>)...
2024-08-11 16:45:03 DEBUG _windows.py:192: Thread started
2024-08-11 16:45:03 INFO event_listener.py:118: Komorebi connected to named pipe: yasb-001df1ef-57be-11ef-91cb-00155d82ce00
2024-08-11 16:45:41 INFO tray.py:147: Reloading Application...
2024-08-11 16:45:42 INFO log.py:21: Yasb
2024-08-11 16:45:42 DEBUG proactor_events.py:634: Using proactor: _IocpProactor
2024-08-11 16:45:42 DEBUG win32.py:58: Looking up time zone info from registry
2024-08-11 16:45:42 INFO weather.py:156: Fetched new weather data at 2024-08-11 16:45:42.942901
2024-08-11 16:45:43 INFO github.py:292: Check for GitHub notifications at 2024-08-11 16:45:43.315826
2024-08-11 16:45:43 DEBUG __init__.py:143: CoInitializeEx(None, 2)
2024-08-11 16:45:44 INFO weather.py:156: Fetched new weather data at 2024-08-11 16:45:44.384440
2024-08-11 16:45:44 INFO github.py:292: Check for GitHub notifications at 2024-08-11 16:45:44.398487
2024-08-11 16:45:44 INFO bar_manager.py:74: Starting SystemEventListener...
2024-08-11 16:45:44 INFO bar_manager.py:74: Starting KomorebiEventListener...
2024-08-11 16:45:44 INFO event_listener.py:52: Created named pipe yasb-18e4a20f-57be-11ef-9171-00155d82ce00
2024-08-11 16:45:44 INFO event_listener.py:106: Waiting for Komorebi to subscribe to named pipe yasb-18e4a20f-57be-11ef-9171-00155d82ce00
2024-08-11 16:45:44 INFO watcher.py:39: Created file watcher for path C:\Users\beboy\.config\yasb
2024-08-11 16:45:44 DEBUG _windows.py:213: Starting (proactor: <_IocpProactor overlapped#=0 result#=0>)...
2024-08-11 16:45:44 DEBUG _windows.py:192: Thread started
2024-08-11 16:45:44 INFO event_listener.py:118: Komorebi connected to named pipe: yasb-18e4a20f-57be-11ef-9171-00155d82ce00
2024-08-11 16:46:30 INFO tray.py:122: Removed shortcut from C:\Users\beboy\AppData\Roaming\Microsoft\Windows\Start Menu\Programs\Startup\yasb.lnk
2024-08-11 16:46:32 INFO tray.py:112: Created shortcut at C:\Users\beboy\AppData\Roaming\Microsoft\Windows\Start Menu\Programs\Startup\yasb.lnk
2024-08-11 16:47:48 WARNING event_listener.py:83: Pipe has been ended: (109, 'PeekNamedPipe', 'The pipe has been ended.')
2024-08-11 16:47:48 INFO event_listener.py:93: Attempting to reconnect...
2024-08-11 16:47:53 INFO event_listener.py:52: Created named pipe yasb-18e4a20f-57be-11ef-9171-00155d82ce00
2024-08-11 16:47:53 INFO event_listener.py:106: Waiting for Komorebi to subscribe to named pipe yasb-18e4a20f-57be-11ef-9171-00155d82ce00
2024-08-11 16:47:53 WARNING event_listener.py:111: Komorebi failed to subscribe named pipe. Waiting for subscription...
2024-08-11 16:48:03 INFO event_listener.py:118: Komorebi connected to named pipe: yasb-18e4a20f-57be-11ef-9171-00155d82ce00
2024-08-11 16:48:56 WARNING event_listener.py:83: Pipe has been ended: (109, 'PeekNamedPipe', 'The pipe has been ended.')
2024-08-11 16:48:56 INFO event_listener.py:93: Attempting to reconnect...
2024-08-11 16:49:01 INFO event_listener.py:52: Created named pipe yasb-18e4a20f-57be-11ef-9171-00155d82ce00
2024-08-11 16:49:01 INFO event_listener.py:106: Waiting for Komorebi to subscribe to named pipe yasb-18e4a20f-57be-11ef-9171-00155d82ce00
2024-08-11 16:49:01 WARNING event_listener.py:111: Komorebi failed to subscribe named pipe. Waiting for subscription...
2024-08-11 16:49:11 INFO event_listener.py:118: Komorebi connected to named pipe: yasb-18e4a20f-57be-11ef-9171-00155d82ce00
2024-08-11 16:50:43 INFO github.py:292: Check for GitHub notifications at 2024-08-11 16:50:43.316009
2024-08-11 16:50:44 INFO github.py:292: Check for GitHub notifications at 2024-08-11 16:50:44.404759
2024-08-11 16:51:02 INFO tray.py:147: Reloading Application...
2024-08-11 16:51:03 INFO log.py:21: Yasb
2024-08-11 16:51:03 DEBUG proactor_events.py:634: Using proactor: _IocpProactor
2024-08-11 16:51:03 DEBUG win32.py:58: Looking up time zone info from registry
2024-08-11 16:51:03 INFO weather.py:156: Fetched new weather data at 2024-08-11 16:51:03.786764
2024-08-11 16:51:04 INFO github.py:292: Check for GitHub notifications at 2024-08-11 16:51:04.181158
2024-08-11 16:51:04 DEBUG __init__.py:143: CoInitializeEx(None, 2)
2024-08-11 16:51:05 INFO weather.py:156: Fetched new weather data at 2024-08-11 16:51:05.968003
2024-08-11 16:51:05 INFO github.py:292: Check for GitHub notifications at 2024-08-11 16:51:05.982515
2024-08-11 16:51:06 INFO bar_manager.py:74: Starting KomorebiEventListener...
2024-08-11 16:51:06 INFO bar_manager.py:74: Starting SystemEventListener...
2024-08-11 16:51:06 INFO event_listener.py:52: Created named pipe yasb-d891892e-57be-11ef-bb78-00155d82ce00
2024-08-11 16:51:06 INFO event_listener.py:106: Waiting for Komorebi to subscribe to named pipe yasb-d891892e-57be-11ef-bb78-00155d82ce00
2024-08-11 16:51:06 INFO watcher.py:39: Created file watcher for path C:\Users\beboy\.config\yasb
2024-08-11 16:51:06 DEBUG _windows.py:213: Starting (proactor: <_IocpProactor overlapped#=0 result#=0>)...
2024-08-11 16:51:06 DEBUG _windows.py:192: Thread started
2024-08-11 16:51:06 INFO event_listener.py:118: Komorebi connected to named pipe: yasb-d891892e-57be-11ef-bb78-00155d82ce00
2024-08-11 16:51:50 INFO tray.py:147: Reloading Application...
2024-08-11 16:51:51 INFO log.py:21: Yasb
2024-08-11 16:51:51 DEBUG proactor_events.py:634: Using proactor: _IocpProactor
2024-08-11 16:51:52 DEBUG win32.py:58: Looking up time zone info from registry
2024-08-11 16:51:52 INFO weather.py:156: Fetched new weather data at 2024-08-11 16:51:52.361630
2024-08-11 16:51:52 INFO github.py:292: Check for GitHub notifications at 2024-08-11 16:51:52.746409
2024-08-11 16:51:52 DEBUG __init__.py:143: CoInitializeEx(None, 2)
2024-08-11 16:51:53 INFO weather.py:156: Fetched new weather data at 2024-08-11 16:51:53.784372
2024-08-11 16:51:53 INFO github.py:292: Check for GitHub notifications at 2024-08-11 16:51:53.803438
2024-08-11 16:51:53 INFO bar_manager.py:74: Starting SystemEventListener...
2024-08-11 16:51:53 INFO bar_manager.py:74: Starting KomorebiEventListener...
2024-08-11 16:51:54 INFO event_listener.py:52: Created named pipe yasb-f5149aa5-57be-11ef-9477-00155d82ce00
2024-08-11 16:51:54 INFO event_listener.py:106: Waiting for Komorebi to subscribe to named pipe yasb-f5149aa5-57be-11ef-9477-00155d82ce00
2024-08-11 16:51:54 INFO watcher.py:39: Created file watcher for path C:\Users\beboy\.config\yasb
2024-08-11 16:51:54 DEBUG _windows.py:213: Starting (proactor: <_IocpProactor overlapped#=0 result#=0>)...
2024-08-11 16:51:54 DEBUG _windows.py:192: Thread started
2024-08-11 16:51:54 INFO event_listener.py:118: Komorebi connected to named pipe: yasb-f5149aa5-57be-11ef-9477-00155d82ce00
2024-08-11 16:56:52 INFO github.py:292: Check for GitHub notifications at 2024-08-11 16:56:52.759116
2024-08-11 16:56:53 INFO github.py:292: Check for GitHub notifications at 2024-08-11 16:56:53.800582
2024-08-11 17:01:52 INFO weather.py:156: Fetched new weather data at 2024-08-11 17:01:52.376119
2024-08-11 17:01:52 INFO github.py:292: Check for GitHub notifications at 2024-08-11 17:01:52.749419
2024-08-11 17:01:53 INFO weather.py:156: Fetched new weather data at 2024-08-11 17:01:53.786271
2024-08-11 17:01:53 INFO github.py:292: Check for GitHub notifications at 2024-08-11 17:01:53.801479
2024-08-11 17:06:52 INFO github.py:292: Check for GitHub notifications at 2024-08-11 17:06:52.750580
2024-08-11 17:06:53 INFO github.py:292: Check for GitHub notifications at 2024-08-11 17:06:53.802487
